<?xml version="1.0" encoding="UTF-8"?>
<!-- Generated by org.testng.reporters.JUnitReportReporter -->
<testsuite skipped="0" hostname="SAkkipalli-HP" name="runner.TestRunner" tests="1" failures="0" timestamp="31 Oct 2017 18:41:38 GMT" time="12.223" errors="0">
  <testcase name="feature" time="12.223" classname="runner.TestRunner"/>
</testsuite> <!-- runner.TestRunner -->
