<?xml version="1.0" encoding="UTF-8"?>
<!-- Generated by org.testng.reporters.JUnitReportReporter -->
<testsuite skipped="0" hostname="SAkkipalli-HP" name="runner.TestRunner" tests="1" failures="0" timestamp="27 Oct 2017 21:21:49 GMT" time="20.245" errors="0">
  <testcase name="feature" time="20.245" classname="runner.TestRunner"/>
</testsuite> <!-- runner.TestRunner -->
